<?xml version="1.0" encoding="UTF-8"?>
<testng-results skipped="0" failed="0" ignored="0" total="1" passed="1">
  <reporter-output>
  </reporter-output>
  <suite name="Default suite" duration-ms="16966" started-at="2020-02-08T14:52:17 IST" finished-at="2020-02-08T14:52:34 IST">
    <groups>
    </groups>
    <test name="Default test" duration-ms="16966" started-at="2020-02-08T14:52:17 IST" finished-at="2020-02-08T14:52:34 IST">
      <class name="testcases.TC001_CreateAcme">
        <test-method status="PASS" signature="beforemethod()[pri:0, instance:testcases.TC001_CreateAcme@76f2bbc1]" name="beforemethod" is-config="true" duration-ms="7197" started-at="2020-02-08T14:52:17 IST" finished-at="2020-02-08T14:52:25 IST">
          <reporter-output>
          </reporter-output>
        </test-method> <!-- beforemethod -->
        <test-method status="PASS" signature="runCreateAcme()[pri:0, instance:testcases.TC001_CreateAcme@76f2bbc1]" name="runCreateAcme" duration-ms="9551" started-at="2020-02-08T14:52:25 IST" finished-at="2020-02-08T14:52:34 IST">
          <reporter-output>
          </reporter-output>
        </test-method> <!-- runCreateAcme -->
        <test-method status="PASS" signature="aftermethod()[pri:0, instance:testcases.TC001_CreateAcme@76f2bbc1]" name="aftermethod" is-config="true" duration-ms="167" started-at="2020-02-08T14:52:34 IST" finished-at="2020-02-08T14:52:34 IST">
          <reporter-output>
          </reporter-output>
        </test-method> <!-- aftermethod -->
      </class> <!-- testcases.TC001_CreateAcme -->
    </test> <!-- Default test -->
  </suite> <!-- Default suite -->
</testng-results>
